
------------------------

------------------------
2022.07.25 9:50:41
webform result
Array
(
    [result] => 24669
    [time] => Array
        (
            [start] => 1658742641.4519
            [finish] => 1658742641.989
            [duration] => 0.53709602355957
            [processing] => 0.51590704917908
            [date_start] => 2022-07-25T12:50:41+03:00
            [date_finish] => 2022-07-25T12:50:41+03:00
            [operating] => 1.1706449985504
        )

)

------------------------

------------------------
2022.08.04 20:50:52
webform PHP
Array
(
    [utm_campaign] => <?php echo $_GET['utm_campaign'];?>
    [utm_medium] => <?php echo $_GET['utm_medium'];?>
    [utm_source] => <?php echo $_GET['utm_source'];?>
    [utm_content] => <?php echo $_GET['utm_content'];?>
    [utm_term] => <?php echo $_GET['utm_term'];?>
    [DATA] => Array
        (
            [TITLE] => F2 t.geleon.ua
        )

    [title] => Заявка Лендинг Расходники
    [name] => Name1Test1
    [telephone] => +38 (011) 111-11-11
    [_ga] => GA1.1.1882325380.1659641945
    [_gid] => GA1.1.474499276.1659641945
    [_gcl_au] => 1.1.1340706112.1659645781
    [remember_web_59ba36addc2b2f9401580f014c7f58ea4e30989d] => eyJpdiI6Im1keFFqbm5UOXllcFJFV3F1L2ZLUmc9PSIsInZhbHVlIjoid2E2cUh6UzZZK3BLREhDZXpzSUVkTXJuQUdxTUxnaW1Hc3VtZXM0NkJMTzhZaHdta01ueTZlTGVhTmJWUUpvOGUwa0xpZmcvaFkwZjR2NGM0eGRud0Y1LzhjeXJISytJd21FcnVjdGFnTzRoVDJYdGpBemErU3FCL2JXWDlPY2hwaUJUbnVkV1pXYXI0cWJ2dHBqRVRSajkzOThFcnNVd3JHQ01PZ004STdSSHUzR2pydzNwbkcxQk5QOTFka1phWDZWOUtpN1ZvakFMc3BDbURkb0V2R0Z0ZXRRU243RlMzZEdFMmU0YXcxcz0iLCJtYWMiOiJhMzIxN2FlYjM5NGRmZjI1ODEwMWE4NDgyZTNmOTBkZTllMmQ4YzkyY2M2Yzc4Yzk0ZmEwZDQ2YzdkNTM3NmZkIiwidGFnIjoiIn0=
    [XSRF-TOKEN] => eyJpdiI6IjZ2YjhxVEtPZnlhNmZaWDdvODY1cnc9PSIsInZhbHVlIjoiVFlpcW15M0pMZGJNRGQwc1Izb2NwOHdoQnlqbTl5N2QxRFNoUElzd3N6aDk1Q0IwRzJFbjBST0w1WTZnVktobnRVNFVxQVQ2WlJWakxvTDJ5UHZ6V0dIZXlPY0h3Ykh3VHUzSFBnNTVwaDdZZWxVQzg4OGlWQ2U3bWZFUEJlVEIiLCJtYWMiOiI0ODgwNzA2MGExNzc1NjA4YTNiMDlhNThjMmQxZTAwZjhkN2VlYjZjZDdmZTc0ODkzMTU4OTUzNzE2OGU4OTdhIiwidGFnIjoiIn0=
    [laravel_session] => eyJpdiI6ImlaVmdTY3VubWpYc1BGOGxiYndjaVE9PSIsInZhbHVlIjoiVnEvWXVoSlhRVFo0Y2VFWVRqMFZnVDNDazdLWE1PaS9mY3ErTUZCM3FiNkxzcDlsUytwUzMwU2JRd2tmZXdCOGVLQURranBUV0I0ZkVuYVZKR3VzUjZYVWFNZTR0TDVPWS9JaVJUcDh1UUpPTE5NMk92UjhQNWlYaWh5a3J0ZjgiLCJtYWMiOiI5NTU5NDRjNzZlOTExZjFhZThhZWRhMGI3OWUwYTU0NjI5MDI2OGEwM2RjZTJkY2UwNzhiZTcxM2Y1M2FkMDBmIiwidGFnIjoiIn0=
    [_gat_gtag_UA_71715348_5] => 1
)

------------------------

------------------------
2022.08.04 20:50:54
webform result
Array
(
    [result] => 25021
    [time] => Array
        (
            [start] => 1659646253.081
            [finish] => 1659646254.4499
            [duration] => 1.3688910007477
            [processing] => 1.330512046814
            [date_start] => 2022-08-04T23:50:53+03:00
            [date_finish] => 2022-08-04T23:50:54+03:00
            [operating_reset_at] => 1659646853
            [operating] => 1.3304960727692
        )

)

------------------------

------------------------
2022.08.07 10:36:33
webform PHP
Array
(
    [DATA] => Array
        (
            [TITLE] => F2 t.geleon.ua
        )

    [title] => Заявка Лендинг Расходники
    [name] => Alexx
    [telephone] => +38 (023) 233-43-43
    [_ga] => GA1.1.1882325380.1659641945
    [_gcl_au] => 1.1.1340706112.1659645781
    [remember_web_59ba36addc2b2f9401580f014c7f58ea4e30989d] => eyJpdiI6Im1keFFqbm5UOXllcFJFV3F1L2ZLUmc9PSIsInZhbHVlIjoid2E2cUh6UzZZK3BLREhDZXpzSUVkTXJuQUdxTUxnaW1Hc3VtZXM0NkJMTzhZaHdta01ueTZlTGVhTmJWUUpvOGUwa0xpZmcvaFkwZjR2NGM0eGRud0Y1LzhjeXJISytJd21FcnVjdGFnTzRoVDJYdGpBemErU3FCL2JXWDlPY2hwaUJUbnVkV1pXYXI0cWJ2dHBqRVRSajkzOThFcnNVd3JHQ01PZ004STdSSHUzR2pydzNwbkcxQk5QOTFka1phWDZWOUtpN1ZvakFMc3BDbURkb0V2R0Z0ZXRRU243RlMzZEdFMmU0YXcxcz0iLCJtYWMiOiJhMzIxN2FlYjM5NGRmZjI1ODEwMWE4NDgyZTNmOTBkZTllMmQ4YzkyY2M2Yzc4Yzk0ZmEwZDQ2YzdkNTM3NmZkIiwidGFnIjoiIn0=
    [_gid] => GA1.1.927321197.1659852348
    [XSRF-TOKEN] => eyJpdiI6IklJV0dWMGdvakZaOVhRSGlDWXNITGc9PSIsInZhbHVlIjoiY3FZamVmN2k3UlozczRTa3h5Y2JQbmpqRFFYMVFQQmF1SDFDQVRiZ1BpWXRuakFVZDE2ZWFiaVluREZ6YnAzQmRDWUo2cVFuK1hoejQ2a0Jyd1dTU21sOTRLbWVlY2E0WFFHL1k0QTFZM2hNNmExOGtkZG9wazhSTldOQUt0WTkiLCJtYWMiOiIzMzQ2ZTMwNzI1M2Y3YTY1MjFiMTI1MGEyN2IwMGNlNzJiM2NmNzcxYTIzODI0Yjg4ZGM4YzBlODdjZTlkZjYxIiwidGFnIjoiIn0=
    [laravel_session] => eyJpdiI6IktGRk13c29hSzZNQXFoaG1MMHNUSXc9PSIsInZhbHVlIjoibWN4STZXS3NwVnllR1d6MXplYmFtUWhSRG13Mm80Nm1hRU5mbHNGYWgzN0hDWTdqN2lDVURBMEdJMit6bnV1K3lOZkhnbnY5WEovS29MdmVzakIzS2h2aGxOb2JjeVZGSWhXYmFFQ0oxZERpeldDQWFNSTRialFETmo0OFBQTFAiLCJtYWMiOiI5MzgxZTNiNTA4ZTNmNzI3M2Q2ZjMyYTNkMmVhNDJmZDNiNDNmMjg3YmJkNjQ1MmMzMWYzNjM1MDQ4MTliNjI0IiwidGFnIjoiIn0=
    [_gat_gtag_UA_71715348_5] => 1
)

------------------------

------------------------
2022.08.07 10:36:34
webform result
Array
(
    [result] => 25051
    [time] => Array
        (
            [start] => 1659868594.3144
            [finish] => 1659868595.1754
            [duration] => 0.86104297637939
            [processing] => 0.8192880153656
            [date_start] => 2022-08-07T13:36:34+03:00
            [date_finish] => 2022-08-07T13:36:35+03:00
            [operating_reset_at] => 1659869194
            [operating] => 0.81925821304321
        )

)

------------------------
