
------------------------
2020.04.13 0:58:07
webform PHP
Array
(
    [name] => Андрей Тест
    [telephone] => +38 (034) 233 21 32
    [_ga] => GA1.2.616279458.1585907987
    [_fbp] => fb.1.1585909156094.138572750
    [BITRIX_SM_SALE_UID] => 1d22f813f421e85d8ce0468447530a66
    [BITRIX_SM_LOGIN] => andriikonst.dp@gmail.com
    [_fbc] => fb.1.1586507046070.IwAR1z-ycKZre__zfNik5Jp1BPaB5BpQ5R5U_Eij-TUPP45zjQ2g-nrTYFEpI
    [_gid] => GA1.2.70067528.1586701301
    [_gat_gtag_UA_71715348_5] => 1
)

------------------------

------------------------
2020.04.13 0:58:07
webform result
Array
(
    [result] => 13739
    [time] => Array
        (
            [start] => 1586739487.1764
            [finish] => 1586739487.3184
            [duration] => 0.14201378822327
            [processing] => 0.12581419944763
            [date_start] => 2020-04-13T03:58:07+03:00
            [date_finish] => 2020-04-13T03:58:07+03:00
        )

)

------------------------

------------------------
2020.04.13 1:02:24
webform PHP
Array
(
    [name] => Андрей Тест
    [telephone] => +38 (034) 233 21 32
    [_ga] => GA1.2.616279458.1585907987
    [_fbp] => fb.1.1585909156094.138572750
    [BITRIX_SM_SALE_UID] => 1d22f813f421e85d8ce0468447530a66
    [BITRIX_SM_LOGIN] => andriikonst.dp@gmail.com
    [_fbc] => fb.1.1586507046070.IwAR1z-ycKZre__zfNik5Jp1BPaB5BpQ5R5U_Eij-TUPP45zjQ2g-nrTYFEpI
    [_gid] => GA1.2.70067528.1586701301
    [_gat_gtag_UA_71715348_5] => 1
)

------------------------

------------------------
2020.04.13 1:02:24
webform result
Array
(
    [result] => 13743
    [time] => Array
        (
            [start] => 1586739744.6615
            [finish] => 1586739744.7953
            [duration] => 0.13383603096008
            [processing] => 0.11710786819458
            [date_start] => 2020-04-13T04:02:24+03:00
            [date_finish] => 2020-04-13T04:02:24+03:00
        )

)

------------------------

------------------------
2020.04.13 1:02:54
webform PHP
Array
(
    [name] => Андрей Тест
    [telephone] => +38 (034) 324 34 24
    [_ga] => GA1.2.616279458.1585907987
    [_fbp] => fb.1.1585909156094.138572750
    [BITRIX_SM_SALE_UID] => 1d22f813f421e85d8ce0468447530a66
    [BITRIX_SM_LOGIN] => andriikonst.dp@gmail.com
    [_fbc] => fb.1.1586507046070.IwAR1z-ycKZre__zfNik5Jp1BPaB5BpQ5R5U_Eij-TUPP45zjQ2g-nrTYFEpI
    [_gid] => GA1.2.70067528.1586701301
    [_gat_gtag_UA_71715348_5] => 1
)

------------------------

------------------------
2020.04.13 1:02:54
webform result
Array
(
    [result] => 13745
    [time] => Array
        (
            [start] => 1586739774.6113
            [finish] => 1586739774.808
            [duration] => 0.19662499427795
            [processing] => 0.17442011833191
            [date_start] => 2020-04-13T04:02:54+03:00
            [date_finish] => 2020-04-13T04:02:54+03:00
        )

)

------------------------

------------------------
2020.04.13 1:03:46
webform PHP
Array
(
    [name] => Test Name
    [email] => test@test.com
    [telephone] => 0950908691
    [_ga] => GA1.2.616279458.1585907987
    [_fbp] => fb.1.1585909156094.138572750
    [BITRIX_SM_SALE_UID] => 1d22f813f421e85d8ce0468447530a66
    [BITRIX_SM_LOGIN] => andriikonst.dp@gmail.com
    [_fbc] => fb.1.1586507046070.IwAR1z-ycKZre__zfNik5Jp1BPaB5BpQ5R5U_Eij-TUPP45zjQ2g-nrTYFEpI
    [_gid] => GA1.2.70067528.1586701301
)

------------------------

------------------------
2020.04.13 1:03:47
webform result
Array
(
    [result] => 13747
    [time] => Array
        (
            [start] => 1586739826.9208
            [finish] => 1586739827.0637
            [duration] => 0.14288997650146
            [processing] => 0.12628602981567
            [date_start] => 2020-04-13T04:03:46+03:00
            [date_finish] => 2020-04-13T04:03:47+03:00
        )

)

------------------------

------------------------
2020.04.13 1:04:29
webform PHP
Array
(
    [name] => Test Name
    [telephone] => 0988255555
    [email] => test@yahoo.com
    [_ga] => GA1.2.616279458.1585907987
    [_fbp] => fb.1.1585909156094.138572750
    [BITRIX_SM_SALE_UID] => 1d22f813f421e85d8ce0468447530a66
    [BITRIX_SM_LOGIN] => andriikonst.dp@gmail.com
    [_fbc] => fb.1.1586507046070.IwAR1z-ycKZre__zfNik5Jp1BPaB5BpQ5R5U_Eij-TUPP45zjQ2g-nrTYFEpI
    [_gid] => GA1.2.70067528.1586701301
    [_gat_gtag_UA_71715348_5] => 1
)

------------------------

------------------------
2020.04.13 1:04:29
webform result
Array
(
    [result] => 13749
    [time] => Array
        (
            [start] => 1586739869.2187
            [finish] => 1586739869.3907
            [duration] => 0.17206406593323
            [processing] => 0.14735794067383
            [date_start] => 2020-04-13T04:04:29+03:00
            [date_finish] => 2020-04-13T04:04:29+03:00
        )

)

------------------------

------------------------
2020.04.13 10:46:19
webform PHP
Array
(
    [name] => Андрей Тест
    [telephone] => +38 (050) 000 00 00
    [_ga] => GA1.2.616279458.1585907987
    [_fbp] => fb.1.1585909156094.138572750
    [BITRIX_SM_SALE_UID] => 1d22f813f421e85d8ce0468447530a66
    [BITRIX_SM_LOGIN] => andriikonst.dp@gmail.com
    [_fbc] => fb.1.1586507046070.IwAR1z-ycKZre__zfNik5Jp1BPaB5BpQ5R5U_Eij-TUPP45zjQ2g-nrTYFEpI
    [_gid] => GA1.2.70067528.1586701301
)

------------------------

------------------------
2020.04.13 10:46:20
webform result
Array
(
    [result] => 13773
    [time] => Array
        (
            [start] => 1586774780.1126
            [finish] => 1586774780.494
            [duration] => 0.38139319419861
            [processing] => 0.33757996559143
            [date_start] => 2020-04-13T13:46:20+03:00
            [date_finish] => 2020-04-13T13:46:20+03:00
        )

)

------------------------

------------------------
2020.04.23 11:06:48
webform PHP
Array
(
    [name] => Вадим
    [telephone] => 0673197262
    [_fbp] => fb.1.1587639440703.859445330
    [_ga] => GA1.2.565051680.1587639434
    [_gac_UA-71715348-5] => 1.1587639816.EAIaIQobChMI2abXkLP-6AIVxeN3Ch1KIwToEAAYAiAAEgKKOvD_BwE
    [_gid] => GA1.2.204719899.1587639434
)

------------------------

------------------------
2020.04.23 11:06:49
webform result
Array
(
    [result] => 14071
    [time] => Array
        (
            [start] => 1587640009.0268
            [finish] => 1587640009.2756
            [duration] => 0.24881601333618
            [processing] => 0.21766781806946
            [date_start] => 2020-04-23T14:06:49+03:00
            [date_finish] => 2020-04-23T14:06:49+03:00
        )

)

------------------------

------------------------
2020.04.23 11:07:15
webform PHP
Array
(
    [name] => Вадим
    [telephone] => 0673197262
    [_fbp] => fb.1.1587639440703.859445330
    [_ga] => GA1.2.565051680.1587639434
    [_gac_UA-71715348-5] => 1.1587639816.EAIaIQobChMI2abXkLP-6AIVxeN3Ch1KIwToEAAYAiAAEgKKOvD_BwE
    [_gat_gtag_UA_71715348_5] => 1
    [_gid] => GA1.2.204719899.1587639434
)

------------------------

------------------------
2020.04.23 11:07:15
webform result
Array
(
    [result] => 14073
    [time] => Array
        (
            [start] => 1587640035.6888
            [finish] => 1587640035.8386
            [duration] => 0.14984393119812
            [processing] => 0.13063788414001
            [date_start] => 2020-04-23T14:07:15+03:00
            [date_finish] => 2020-04-23T14:07:15+03:00
        )

)

------------------------

------------------------
2020.05.03 19:20:25
webform PHP
Array
(
    [name] => Роман Шапошник
    [email] => romanshaposhnik1@gmail.com
    [telephone] => +380970299762
    [_ym_uid] => 1576497456181463139
    [_ym_d] => 1576497456
    [_ga] => GA1.2.1804858455.1576497456
    [_gid] => GA1.2.1599134987.1588533491
    [_fbp] => fb.1.1588533493122.315264072
    [_gat_gtag_UA_71715348_5] => 1
)

------------------------

------------------------
2020.05.03 19:20:25
webform result
Array
(
    [result] => 14283
    [time] => Array
        (
            [start] => 1588533625.2236
            [finish] => 1588533625.6957
            [duration] => 0.4721360206604
            [processing] => 0.42966103553772
            [date_start] => 2020-05-03T22:20:25+03:00
            [date_finish] => 2020-05-03T22:20:25+03:00
        )

)

------------------------

------------------------
2020.05.03 22:20:11
webform PHP
Array
(
    [name] => Роман
    [telephone] => +38 (050) 627 40 18
    [_ym_uid] => 1588544126699843231
    [_ym_d] => 1588544126
    [_ym_visorc_57585466] => w
    [_ga] => GA1.2.310909996.1588544127
    [_gid] => GA1.2.1714392706.1588544127
    [_ym_isad] => 2
    [_ym_visorc_49714474] => w
    [_fbc] => fb.1.1588544127609.IwAR3NsGoE8eqCVhiQbS-l9c-TK5wYv9GyVvS07pKUmrvsZC_RhfFR7C4yUUQ
    [_fbp] => fb.1.1588544127612.496845902
    [_gat_gtag_UA_71715348_5] => 1
)

------------------------

------------------------
2020.05.03 22:20:12
webform result
Array
(
    [result] => 14297
    [time] => Array
        (
            [start] => 1588544412.0485
            [finish] => 1588544412.1777
            [duration] => 0.1292610168457
            [processing] => 0.11075401306152
            [date_start] => 2020-05-04T01:20:12+03:00
            [date_finish] => 2020-05-04T01:20:12+03:00
        )

)

------------------------

------------------------
2020.05.03 22:20:25
webform PHP
Array
(
    [name] => Пилип'юк Роман Бориславович
    [email] => rrrom@i.ua
    [telephone] => +380506274018
    [_ym_uid] => 1588544126699843231
    [_ym_d] => 1588544126
    [_ym_visorc_57585466] => w
    [_ga] => GA1.2.310909996.1588544127
    [_gid] => GA1.2.1714392706.1588544127
    [_ym_isad] => 2
    [_ym_visorc_49714474] => w
    [_fbc] => fb.1.1588544127609.IwAR3NsGoE8eqCVhiQbS-l9c-TK5wYv9GyVvS07pKUmrvsZC_RhfFR7C4yUUQ
    [_fbp] => fb.1.1588544127612.496845902
    [_gat_gtag_UA_71715348_5] => 1
)

------------------------

------------------------
2020.05.03 22:20:25
webform PHP
Array
(
    [name] => Пилип'юк Роман Бориславович
    [email] => rrrom@i.ua
    [telephone] => +380506274018
    [_ym_uid] => 1588544126699843231
    [_ym_d] => 1588544126
    [_ym_visorc_57585466] => w
    [_ga] => GA1.2.310909996.1588544127
    [_gid] => GA1.2.1714392706.1588544127
    [_ym_isad] => 2
    [_ym_visorc_49714474] => w
    [_fbc] => fb.1.1588544127609.IwAR3NsGoE8eqCVhiQbS-l9c-TK5wYv9GyVvS07pKUmrvsZC_RhfFR7C4yUUQ
    [_fbp] => fb.1.1588544127612.496845902
    [_gat_gtag_UA_71715348_5] => 1
)

------------------------

------------------------
2020.05.03 22:20:25
webform result
Array
(
    [result] => 14299
    [time] => Array
        (
            [start] => 1588544425.3458
            [finish] => 1588544425.4656
            [duration] => 0.11974096298218
            [processing] => 0.10137486457825
            [date_start] => 2020-05-04T01:20:25+03:00
            [date_finish] => 2020-05-04T01:20:25+03:00
        )

)

------------------------

------------------------
2020.05.03 22:20:25
webform result
Array
(
    [result] => 14301
    [time] => Array
        (
            [start] => 1588544425.3497
            [finish] => 1588544425.4758
            [duration] => 0.12604594230652
            [processing] => 0.10771012306213
            [date_start] => 2020-05-04T01:20:25+03:00
            [date_finish] => 2020-05-04T01:20:25+03:00
        )

)

------------------------

------------------------
2020.05.07 9:38:56
webform PHP
Array
(
    [name] => Саша
    [email] => Oleksahdr80@gamail.com
    [telephone] => +38(068) 082-09-24
    [_ga] => GA1.2.920736074.1588844253
    [_gid] => GA1.2.472467773.1588844253
    [_gac_UA-71715348-5] => 1.1588844253.CjwKCAjw4871BRAjEiwAbxXi26rFDraftqL8cTdYDLQpr96X2xooQqXm4YDysj7iJjUPWgkGb3QmDxoCQ4sQAvD_BwE
    [_fbp] => fb.1.1588844255395.1214125281
)

------------------------

------------------------
2020.05.07 9:38:56
webform result
Array
(
    [result] => 14429
    [time] => Array
        (
            [start] => 1588844336.5159
            [finish] => 1588844336.7193
            [duration] => 0.20345902442932
            [processing] => 0.16603398323059
            [date_start] => 2020-05-07T12:38:56+03:00
            [date_finish] => 2020-05-07T12:38:56+03:00
        )

)

------------------------

------------------------
2020.05.11 16:41:12
webform PHP
Array
(
    [name] => Саша
    [telephone] => +38(068) 082-09-24
    [email] => Oleksahdr80@gamail.com
    [_ga] => GA1.2.797711586.1589214700
    [_gid] => GA1.2.498201787.1589214700
    [_gac_UA-71715348-5] => 1.1589214700.CjwKCAjw7-P1BRA2EiwAXoPWAzzN7iXBjf1x6_w40Z6DCeM8I69bktD9bz1Vv74vtuaFE5MWRiJb7xoCyFYQAvD_BwE
    [_fbp] => fb.1.1589214704406.1998895241
)

------------------------

------------------------
2020.05.11 16:41:13
webform result
Array
(
    [result] => 14463
    [time] => Array
        (
            [start] => 1589215272.9513
            [finish] => 1589215273.2475
            [duration] => 0.29617190361023
            [processing] => 0.27302098274231
            [date_start] => 2020-05-11T19:41:12+03:00
            [date_finish] => 2020-05-11T19:41:13+03:00
        )

)

------------------------

------------------------
2020.05.11 16:45:24
webform PHP
Array
(
    [name] => Саша
    [telephone] => +38(068) 082-09-24
    [email] => Oleksahdr80@gamail.com
    [_ga] => GA1.2.797711586.1589214700
    [_gid] => GA1.2.498201787.1589214700
    [_gac_UA-71715348-5] => 1.1589214700.CjwKCAjw7-P1BRA2EiwAXoPWAzzN7iXBjf1x6_w40Z6DCeM8I69bktD9bz1Vv74vtuaFE5MWRiJb7xoCyFYQAvD_BwE
    [_fbp] => fb.1.1589214704406.1998895241
)

------------------------

------------------------
2020.05.11 16:45:24
webform result
Array
(
    [result] => 14465
    [time] => Array
        (
            [start] => 1589215524.4145
            [finish] => 1589215524.5552
            [duration] => 0.14070200920105
            [processing] => 0.12249493598938
            [date_start] => 2020-05-11T19:45:24+03:00
            [date_finish] => 2020-05-11T19:45:24+03:00
        )

)

------------------------

------------------------
2020.05.13 16:14:45
webform PHP
Array
(
    [name] => Анатолій
    [email] => tolik8116@mail.ru
    [telephone] => 0686409144
    [_ga] => GA1.2.1707155349.1589386360
    [_gid] => GA1.2.1146936621.1589386360
    [_gac_UA-71715348-5] => 1.1589386360.CjwKCAjwte71BRBCEiwAU_V9h9X6bSBlvQ-bt1S0mvltEyBMYWccdOOPMFjlhC1Qgpl7DPjrhuqOXRoCh68QAvD_BwE
    [_fbp] => fb.1.1589386361257.2001967604
)

------------------------

------------------------
2020.05.13 16:14:46
webform result
Array
(
    [result] => 14523
    [time] => Array
        (
            [start] => 1589386485.496
            [finish] => 1589386486.085
            [duration] => 0.58903098106384
            [processing] => 0.55201101303101
            [date_start] => 2020-05-13T19:14:45+03:00
            [date_finish] => 2020-05-13T19:14:46+03:00
        )

)

------------------------

------------------------
2020.05.13 16:16:13
webform PHP
Array
(
    [name] => Анатолій
    [telephone] => 0686409144
    [email] => tolik8116@mail.ru
    [_ga] => GA1.2.1707155349.1589386360
    [_gid] => GA1.2.1146936621.1589386360
    [_gac_UA-71715348-5] => 1.1589386360.CjwKCAjwte71BRBCEiwAU_V9h9X6bSBlvQ-bt1S0mvltEyBMYWccdOOPMFjlhC1Qgpl7DPjrhuqOXRoCh68QAvD_BwE
    [_fbp] => fb.1.1589386361257.2001967604
)

------------------------

------------------------
2020.05.13 16:16:13
webform result
Array
(
    [result] => 14525
    [time] => Array
        (
            [start] => 1589386573.5819
            [finish] => 1589386573.7366
            [duration] => 0.15473794937134
            [processing] => 0.13387894630432
            [date_start] => 2020-05-13T19:16:13+03:00
            [date_finish] => 2020-05-13T19:16:13+03:00
        )

)

------------------------

------------------------
2020.05.13 16:16:44
webform PHP
Array
(
    [name] => Анатолій
    [telephone] => 0686409144
    [_ga] => GA1.2.1707155349.1589386360
    [_gid] => GA1.2.1146936621.1589386360
    [_gac_UA-71715348-5] => 1.1589386360.CjwKCAjwte71BRBCEiwAU_V9h9X6bSBlvQ-bt1S0mvltEyBMYWccdOOPMFjlhC1Qgpl7DPjrhuqOXRoCh68QAvD_BwE
    [_fbp] => fb.1.1589386361257.2001967604
    [_gat_gtag_UA_71715348_5] => 1
)

------------------------

------------------------
2020.05.13 16:16:44
webform result
Array
(
    [result] => 14527
    [time] => Array
        (
            [start] => 1589386604.2585
            [finish] => 1589386604.3774
            [duration] => 0.11892008781433
            [processing] => 0.10266089439392
            [date_start] => 2020-05-13T19:16:44+03:00
            [date_finish] => 2020-05-13T19:16:44+03:00
        )

)

------------------------

------------------------
2020.05.13 19:31:14
webform PHP
Array
(
    [name] => Іван
    [telephone] => 0955770918
    [email] => 
    [_ym_uid] => 1589274799618685211
    [_ym_d] => 1589274799
    [_ga] => GA1.2.512556192.1589274805
    [_fbp] => fb.1.1589274810509.602119452
    [_ym_visorc_57585466] => w
    [_ym_visorc_49714474] => w
    [_gid] => GA1.2.468659133.1589398198
    [_gac_UA-71715348-5] => 1.1589398198.CjwKCAjwte71BRBCEiwAU_V9hzLfjm75OjJCoIX_fiGhCNzPXKEBaogixALV2ERFJv5wC1uTe4pj8BoCPusQAvD_BwE
    [_ym_isad] => 2
)

------------------------

------------------------
2020.05.13 19:31:15
webform result
Array
(
    [result] => 14529
    [time] => Array
        (
            [start] => 1589398274.9421
            [finish] => 1589398275.3889
            [duration] => 0.44686985015869
            [processing] => 0.40877389907837
            [date_start] => 2020-05-13T22:31:14+03:00
            [date_finish] => 2020-05-13T22:31:15+03:00
        )

)

------------------------

------------------------
2020.05.13 19:31:52
webform PHP
Array
(
    [name] => Іван
    [telephone] => 0955770918
    [email] => 
    [_ym_uid] => 1589274799618685211
    [_ym_d] => 1589274799
    [_ga] => GA1.2.512556192.1589274805
    [_fbp] => fb.1.1589274810509.602119452
    [_ym_visorc_57585466] => w
    [_ym_visorc_49714474] => w
    [_gid] => GA1.2.468659133.1589398198
    [_gac_UA-71715348-5] => 1.1589398198.CjwKCAjwte71BRBCEiwAU_V9hzLfjm75OjJCoIX_fiGhCNzPXKEBaogixALV2ERFJv5wC1uTe4pj8BoCPusQAvD_BwE
    [_ym_isad] => 2
    [_gat_gtag_UA_71715348_5] => 1
)

------------------------

------------------------
2020.05.13 19:31:53
webform result
Array
(
    [result] => 14531
    [time] => Array
        (
            [start] => 1589398312.9263
            [finish] => 1589398313.0629
            [duration] => 0.13662004470825
            [processing] => 0.11957597732544
            [date_start] => 2020-05-13T22:31:52+03:00
            [date_finish] => 2020-05-13T22:31:53+03:00
        )

)

------------------------

------------------------
2020.05.13 19:32:31
webform PHP
Array
(
    [name] => Іван
    [telephone] => 0955770918
    [email] => 
    [_ym_uid] => 1589274799618685211
    [_ym_d] => 1589274799
    [_ga] => GA1.2.512556192.1589274805
    [_fbp] => fb.1.1589274810509.602119452
    [_ym_visorc_57585466] => w
    [_ym_visorc_49714474] => w
    [_gid] => GA1.2.468659133.1589398198
    [_gac_UA-71715348-5] => 1.1589398198.CjwKCAjwte71BRBCEiwAU_V9hzLfjm75OjJCoIX_fiGhCNzPXKEBaogixALV2ERFJv5wC1uTe4pj8BoCPusQAvD_BwE
    [_ym_isad] => 2
)

------------------------

------------------------
2020.05.13 19:32:32
webform result
Array
(
    [result] => 14533
    [time] => Array
        (
            [start] => 1589398352.1762
            [finish] => 1589398352.3182
            [duration] => 0.14197683334351
            [processing] => 0.12368202209473
            [date_start] => 2020-05-13T22:32:32+03:00
            [date_finish] => 2020-05-13T22:32:32+03:00
        )

)

------------------------

------------------------
2020.05.27 6:54:28
webform PHP
Array
(
    [name] => Сергей
    [email] => sergeibukodirlviv@gmail.com
    [telephone] => 380970502946
    [_ga] => GA1.2.483664115.1590562197
    [_gid] => GA1.2.924947409.1590562197
    [_fbp] => fb.1.1590562196758.472672862
    [_gac_UA-71715348-5] => 1.1590562368.CjwKCAjw_LL2BRAkEiwAv2Y3SXgIEBoTKOXFAqF3pJpvppBvNIxTKthLCKB1lusjEZgnNYYKHe9hZRoC_VAQAvD_BwE
    [_gat_gtag_UA_71715348_5] => 1
)

------------------------

------------------------
2020.05.27 6:54:29
webform result
Array
(
    [result] => 14729
    [time] => Array
        (
            [start] => 1590562468.869
            [finish] => 1590562469.5072
            [duration] => 0.63819885253906
            [processing] => 0.5770149230957
            [date_start] => 2020-05-27T09:54:28+03:00
            [date_finish] => 2020-05-27T09:54:29+03:00
        )

)

------------------------

------------------------
2020.05.27 6:55:03
webform PHP
Array
(
    [name] => Сергей
    [telephone] => 380970502946
    [_ga] => GA1.2.483664115.1590562197
    [_gid] => GA1.2.924947409.1590562197
    [_fbp] => fb.1.1590562196758.472672862
    [_gac_UA-71715348-5] => 1.1590562368.CjwKCAjw_LL2BRAkEiwAv2Y3SXgIEBoTKOXFAqF3pJpvppBvNIxTKthLCKB1lusjEZgnNYYKHe9hZRoC_VAQAvD_BwE
)

------------------------

------------------------
2020.05.27 6:55:04
webform result
Array
(
    [result] => 14731
    [time] => Array
        (
            [start] => 1590562503.6824
            [finish] => 1590562504.2868
            [duration] => 0.60438799858093
            [processing] => 0.58128619194031
            [date_start] => 2020-05-27T09:55:03+03:00
            [date_finish] => 2020-05-27T09:55:04+03:00
        )

)

------------------------

------------------------
2020.05.27 6:57:10
webform PHP
Array
(
    [name] => Сергей
    [telephone] => 380970502946
    [email] => sergeibukodirlviv@gmail.com
    [_ga] => GA1.2.483664115.1590562197
    [_gid] => GA1.2.924947409.1590562197
    [_fbp] => fb.1.1590562196758.472672862
    [_gac_UA-71715348-5] => 1.1590562368.CjwKCAjw_LL2BRAkEiwAv2Y3SXgIEBoTKOXFAqF3pJpvppBvNIxTKthLCKB1lusjEZgnNYYKHe9hZRoC_VAQAvD_BwE
)

------------------------

------------------------
2020.05.27 6:57:10
webform result
Array
(
    [result] => 14733
    [time] => Array
        (
            [start] => 1590562630.4578
            [finish] => 1590562630.706
            [duration] => 0.24819803237915
            [processing] => 0.2295069694519
            [date_start] => 2020-05-27T09:57:10+03:00
            [date_finish] => 2020-05-27T09:57:10+03:00
        )

)

------------------------

------------------------
2020.05.27 6:57:39
webform PHP
Array
(
    [name] => Сергей
    [email] => sergeibukodirlviv@gmail.com
    [telephone] => 380970502946
    [_ga] => GA1.2.483664115.1590562197
    [_gid] => GA1.2.924947409.1590562197
    [_fbp] => fb.1.1590562196758.472672862
    [_gac_UA-71715348-5] => 1.1590562368.CjwKCAjw_LL2BRAkEiwAv2Y3SXgIEBoTKOXFAqF3pJpvppBvNIxTKthLCKB1lusjEZgnNYYKHe9hZRoC_VAQAvD_BwE
    [_gat_gtag_UA_71715348_5] => 1
)

------------------------

------------------------
2020.05.27 6:57:39
webform result
Array
(
    [result] => 14735
    [time] => Array
        (
            [start] => 1590562659.3818
            [finish] => 1590562659.6489
            [duration] => 0.26708817481995
            [processing] => 0.24572896957397
            [date_start] => 2020-05-27T09:57:39+03:00
            [date_finish] => 2020-05-27T09:57:39+03:00
        )

)

------------------------

------------------------
2020.05.27 6:58:07
webform PHP
Array
(
    [name] => Сергей
    [telephone] => 380970502946
    [_ga] => GA1.2.483664115.1590562197
    [_gid] => GA1.2.924947409.1590562197
    [_fbp] => fb.1.1590562196758.472672862
    [_gac_UA-71715348-5] => 1.1590562368.CjwKCAjw_LL2BRAkEiwAv2Y3SXgIEBoTKOXFAqF3pJpvppBvNIxTKthLCKB1lusjEZgnNYYKHe9hZRoC_VAQAvD_BwE
    [_gat_gtag_UA_71715348_5] => 1
)

------------------------

------------------------
2020.05.27 6:58:08
webform result
Array
(
    [result] => 14737
    [time] => Array
        (
            [start] => 1590562687.1982
            [finish] => 1590562687.9617
            [duration] => 0.76346588134766
            [processing] => 0.73693084716797
            [date_start] => 2020-05-27T09:58:07+03:00
            [date_finish] => 2020-05-27T09:58:07+03:00
        )

)

------------------------

------------------------
2020.06.21 18:18:46
webform PHP
Array
(
    [name] =>  Денис
    [telephone] => +38 (098) 074-14-54
    [_ga] => GA1.2.1372007496.1592763485
    [_gid] => GA1.2.1815112790.1592763485
    [_gac_UA-71715348-5] => 1.1592763485.Cj0KCQjwirz3BRD_ARIsAImf7LMY9Pb-4JabHRVoTyo_Fb_APnYqm1Y76WS9P2kiboJB1cYUuVJdU0oaAmu7EALw_wcB
    [_gat_gtag_UA_71715348_5] => 1
    [_fbp] => fb.1.1592763485619.1002701684
)

------------------------

------------------------
2020.06.21 18:18:47
webform result
Array
(
    [result] => 14975
    [time] => Array
        (
            [start] => 1592763527.1139
            [finish] => 1592763527.2452
            [duration] => 0.13130402565002
            [processing] => 0.10872483253479
            [date_start] => 2020-06-21T21:18:47+03:00
            [date_finish] => 2020-06-21T21:18:47+03:00
        )

)

------------------------

------------------------
2020.06.21 18:18:57
webform PHP
Array
(
    [name] =>  Денис
    [email] => denis.petrishin.00@gmail.com
    [telephone] => +38 (098) 074-14-54
    [_ga] => GA1.2.1372007496.1592763485
    [_gid] => GA1.2.1815112790.1592763485
    [_gac_UA-71715348-5] => 1.1592763485.Cj0KCQjwirz3BRD_ARIsAImf7LMY9Pb-4JabHRVoTyo_Fb_APnYqm1Y76WS9P2kiboJB1cYUuVJdU0oaAmu7EALw_wcB
    [_gat_gtag_UA_71715348_5] => 1
    [_fbp] => fb.1.1592763485619.1002701684
)

------------------------

------------------------
2020.06.21 18:18:57
webform result
Array
(
    [result] => 14977
    [time] => Array
        (
            [start] => 1592763537.6181
            [finish] => 1592763537.8255
            [duration] => 0.20739102363586
            [processing] => 0.18953680992126
            [date_start] => 2020-06-21T21:18:57+03:00
            [date_finish] => 2020-06-21T21:18:57+03:00
        )

)

------------------------

------------------------
2020.06.21 18:19:42
webform PHP
Array
(
    [name] =>  Денис
    [telephone] => +38 (098) 074-14-54
    [email] => denis.petrishin.00@gmail.com
    [_ga] => GA1.2.1372007496.1592763485
    [_gid] => GA1.2.1815112790.1592763485
    [_gac_UA-71715348-5] => 1.1592763485.Cj0KCQjwirz3BRD_ARIsAImf7LMY9Pb-4JabHRVoTyo_Fb_APnYqm1Y76WS9P2kiboJB1cYUuVJdU0oaAmu7EALw_wcB
    [_fbp] => fb.1.1592763485619.1002701684
    [_gat_gtag_UA_71715348_5] => 1
)

------------------------

------------------------
2020.06.21 18:19:43
webform result
Array
(
    [result] => 14979
    [time] => Array
        (
            [start] => 1592763582.9358
            [finish] => 1592763583.0527
            [duration] => 0.11690092086792
            [processing] => 0.10010600090027
            [date_start] => 2020-06-21T21:19:42+03:00
            [date_finish] => 2020-06-21T21:19:43+03:00
        )

)

------------------------

------------------------
2020.09.04 11:03:41
webform PHP
Array
(
    [name] => Тетяна
    [telephone] => 0637937840
    [email] => 
    [_ga] => GA1.2.1111322334.1599217272
    [_gid] => GA1.2.310856533.1599217272
    [_fbp] => fb.1.1599217275309.1628275942
    [_gac_UA-71715348-5] => 1.1599217284.Cj0KCQjwy8f6BRC7ARIsAPIXOjj2JTiXGGFmrcq6j6vDaQjdfmVozAGvQ3-NJHBMB7qyQ31Gi5fwPcsaAhK1EALw_wcB
)

------------------------

------------------------
2020.09.04 11:03:41
webform result
Array
(
    [result] => 16015
    [time] => Array
        (
            [start] => 1599217421.5939
            [finish] => 1599217421.7944
            [duration] => 0.20047497749329
            [processing] => 0.1764497756958
            [date_start] => 2020-09-04T14:03:41+03:00
            [date_finish] => 2020-09-04T14:03:41+03:00
        )

)

------------------------

------------------------
2020.09.04 11:04:13
webform PHP
Array
(
    [name] => Татьяна
    [telephone] => 0637937840
    [email] => 
    [_ga] => GA1.2.1111322334.1599217272
    [_gid] => GA1.2.310856533.1599217272
    [_fbp] => fb.1.1599217275309.1628275942
    [_gac_UA-71715348-5] => 1.1599217284.Cj0KCQjwy8f6BRC7ARIsAPIXOjj2JTiXGGFmrcq6j6vDaQjdfmVozAGvQ3-NJHBMB7qyQ31Gi5fwPcsaAhK1EALw_wcB
    [_gat_gtag_UA_71715348_5] => 1
)

------------------------

------------------------
2020.09.04 11:04:14
webform result
Array
(
    [result] => 16017
    [time] => Array
        (
            [start] => 1599217453.9432
            [finish] => 1599217454.0806
            [duration] => 0.13742113113403
            [processing] => 0.11705994606018
            [date_start] => 2020-09-04T14:04:13+03:00
            [date_finish] => 2020-09-04T14:04:14+03:00
        )

)

------------------------

------------------------
2020.09.04 11:05:47
webform PHP
Array
(
    [name] => Тетяна
    [telephone] => 0637937840
    [_ga] => GA1.2.1111322334.1599217272
    [_gid] => GA1.2.310856533.1599217272
    [_fbp] => fb.1.1599217275309.1628275942
    [_gac_UA-71715348-5] => 1.1599217284.Cj0KCQjwy8f6BRC7ARIsAPIXOjj2JTiXGGFmrcq6j6vDaQjdfmVozAGvQ3-NJHBMB7qyQ31Gi5fwPcsaAhK1EALw_wcB
)

------------------------

------------------------
2020.09.04 11:05:47
webform result
Array
(
    [result] => 16019
    [time] => Array
        (
            [start] => 1599217547.433
            [finish] => 1599217547.5715
            [duration] => 0.13848209381104
            [processing] => 0.11757802963257
            [date_start] => 2020-09-04T14:05:47+03:00
            [date_finish] => 2020-09-04T14:05:47+03:00
        )

)

------------------------

------------------------
2020.09.17 7:58:25
webform PHP
Array
(
    [name] => Руслан Віталійович  Жигадло
    [telephone] => 0505177524
    [email] => rus.gopri1981@gmail.com
    [_fbp] => fb.1.1600329130986.1014451051
    [_ga] => GA1.2.1312976679.1600329260
    [_gid] => GA1.2.1655600425.1600329260
    [_gac_UA-71715348-5] => 1.1600329260.CjwKCAjwkoz7BRBPEiwAeKw3q34VL72IS0T94XN_pd3QFzXBZ-NiVpLQAQcvBAEEPN5hWXtSRvL4dBoCMmEQAvD_BwE
)

------------------------

------------------------
2020.09.17 7:58:26
webform result
Array
(
    [result] => 16137
    [time] => Array
        (
            [start] => 1600329506.1544
            [finish] => 1600329506.6596
            [duration] => 0.50525903701782
            [processing] => 0.45827198028564
            [date_start] => 2020-09-17T10:58:26+03:00
            [date_finish] => 2020-09-17T10:58:26+03:00
        )

)

------------------------

------------------------
2020.09.17 8:05:19
webform PHP
Array
(
    [name] => Руслан Віталійович  Жигадло
    [email] => rus.gopri1981@gmail.com
    [telephone] => 0505177524
    [_fbp] => fb.1.1600329130986.1014451051
    [_ga] => GA1.2.1312976679.1600329260
    [_gid] => GA1.2.1655600425.1600329260
    [_gac_UA-71715348-5] => 1.1600329260.CjwKCAjwkoz7BRBPEiwAeKw3q34VL72IS0T94XN_pd3QFzXBZ-NiVpLQAQcvBAEEPN5hWXtSRvL4dBoCMmEQAvD_BwE
    [_gat_gtag_UA_71715348_5] => 1
)

------------------------

------------------------
2020.09.17 8:05:20
webform result
Array
(
    [result] => 16139
    [time] => Array
        (
            [start] => 1600329919.9215
            [finish] => 1600329920.1904
            [duration] => 0.26895189285278
            [processing] => 0.24861001968384
            [date_start] => 2020-09-17T11:05:19+03:00
            [date_finish] => 2020-09-17T11:05:20+03:00
        )

)

------------------------

------------------------
2020.10.12 11:53:24
webform PHP
Array
(
    [name] => Петро Дишлюк
    [telephone] => 0935175414
    [email] => xatabeg555@gmail.com
    [_ga] => GA1.2.1361316174.1602503559
    [_gid] => GA1.2.347137875.1602503559
    [_gat_gtag_UA_71715348_5] => 1
    [_fbp] => fb.1.1602503561282.2025558359
    [_gac_UA-71715348-5] => 1.1602503577.CjwKCAjw_Y_8BRBiEiwA5MCBJvoZLSHPMMuwqaJF9Dd-K-RM2NSoXMJYWBAruiSQqWyTjkpIUmfsJxoCUaoQAvD_BwE
)

------------------------

------------------------
2020.10.12 11:53:25
webform result
Array
(
    [result] => 16491
    [time] => Array
        (
            [start] => 1602503605.1157
            [finish] => 1602503605.4738
            [duration] => 0.35802388191223
            [processing] => 0.31963396072388
            [date_start] => 2020-10-12T14:53:25+03:00
            [date_finish] => 2020-10-12T14:53:25+03:00
        )

)

------------------------

------------------------
2020.10.12 11:53:54
webform PHP
Array
(
    [name] => Петро Дишлюк
    [telephone] => 0935175414
    [email] => xatabeg555@gmail.com
    [_ga] => GA1.2.1361316174.1602503559
    [_gid] => GA1.2.347137875.1602503559
    [_fbp] => fb.1.1602503561282.2025558359
    [_gac_UA-71715348-5] => 1.1602503577.CjwKCAjw_Y_8BRBiEiwA5MCBJvoZLSHPMMuwqaJF9Dd-K-RM2NSoXMJYWBAruiSQqWyTjkpIUmfsJxoCUaoQAvD_BwE
)

------------------------

------------------------
2020.10.12 11:53:54
webform result
Array
(
    [result] => 16493
    [time] => Array
        (
            [start] => 1602503634.31
            [finish] => 1602503634.4761
            [duration] => 0.16603803634644
            [processing] => 0.12969994544983
            [date_start] => 2020-10-12T14:53:54+03:00
            [date_finish] => 2020-10-12T14:53:54+03:00
        )

)

------------------------

------------------------
2020.10.16 19:20:08
webform PHP
Array
(
    [name] => Микола
    [telephone] => 0976325077
    [email] => zveruk2837@gmail.com
    [_ga] => GA1.2.166716484.1602875888
    [_gid] => GA1.2.1102993365.1602875888
    [_gac_UA-71715348-5] => 1.1602875888.CjwKCAjwiaX8BRBZEiwAQQxGx6QlVSp1el5eFVQurd9otzXGb9qDqGMLbmoXcH8DhK2vEeUdapltDRoCDVgQAvD_BwE
    [_fbp] => fb.1.1602875889349.1960156642
)

------------------------

------------------------
2020.10.16 19:20:08
webform result
Array
(
    [result] => 16731
    [time] => Array
        (
            [start] => 1602876008.4023
            [finish] => 1602876008.8068
            [duration] => 0.40457105636597
            [processing] => 0.35750699043274
            [date_start] => 2020-10-16T22:20:08+03:00
            [date_finish] => 2020-10-16T22:20:08+03:00
        )

)

------------------------

------------------------
2020.10.16 19:21:12
webform PHP
Array
(
    [name] => Микола
    [telephone] => 0976325077
    [_ga] => GA1.2.166716484.1602875888
    [_gid] => GA1.2.1102993365.1602875888
    [_gac_UA-71715348-5] => 1.1602875888.CjwKCAjwiaX8BRBZEiwAQQxGx6QlVSp1el5eFVQurd9otzXGb9qDqGMLbmoXcH8DhK2vEeUdapltDRoCDVgQAvD_BwE
    [_fbp] => fb.1.1602875889349.1960156642
    [_gat_gtag_UA_71715348_5] => 1
)

------------------------

------------------------
2020.10.16 19:21:12
webform result
Array
(
    [result] => 16733
    [time] => Array
        (
            [start] => 1602876072.3854
            [finish] => 1602876072.524
            [duration] => 0.13854718208313
            [processing] => 0.11213207244873
            [date_start] => 2020-10-16T22:21:12+03:00
            [date_finish] => 2020-10-16T22:21:12+03:00
        )

)

------------------------

------------------------
2020.10.26 9:32:35
webform PHP
Array
(
    [name] => Микола
    [email] => mandrivnykp2@ukr.net
    [telephone] => +380675500225
    [_ga] => GA1.2.785330979.1603704589
    [_gid] => GA1.2.1263089004.1603704589
    [_gac_UA-71715348-5] => 1.1603704589.EAIaIQobChMI6ubBjvnR7AIVDKWyCh0Szg4vEAAYAiAAEgL9KPD_BwE
    [_fbp] => fb.1.1603704589755.1668774040
    [_ym_uid] => 1603704610778298258
    [_ym_d] => 1603704610
    [_ym_visorc_49714474] => w
    [_ym_isad] => 2
)

------------------------

------------------------
2020.10.26 9:32:37
webform result
Array
(
    [result] => 16905
    [time] => Array
        (
            [start] => 1603704755.7018
            [finish] => 1603704756.9502
            [duration] => 1.2484059333801
            [processing] => 1.159243106842
            [date_start] => 2020-10-26T12:32:35+03:00
            [date_finish] => 2020-10-26T12:32:36+03:00
        )

)

------------------------

------------------------
2020.10.26 12:06:05
webform PHP
Array
(
    [name] => Микола
    [email] => mandrivnykp2@ukr.net
    [telephone] => +380675500225
    [_ga] => GA1.2.785330979.1603704589
    [_gid] => GA1.2.1263089004.1603704589
    [_gac_UA-71715348-5] => 1.1603704589.EAIaIQobChMI6ubBjvnR7AIVDKWyCh0Szg4vEAAYAiAAEgL9KPD_BwE
    [_fbp] => fb.1.1603704589755.1668774040
    [_ym_uid] => 1603704610778298258
    [_ym_d] => 1603704610
    [_ym_isad] => 2
)

------------------------

------------------------
2020.10.26 12:06:06
webform result
Array
(
    [result] => 16913
    [time] => Array
        (
            [start] => 1603713965.8541
            [finish] => 1603713966.3642
            [duration] => 0.51016712188721
            [processing] => 0.46493697166443
            [date_start] => 2020-10-26T15:06:05+03:00
            [date_finish] => 2020-10-26T15:06:06+03:00
        )

)

------------------------

------------------------
2020.10.27 10:51:57
webform PHP
Array
(
    [name] => Ігор
    [telephone] => 0987000202
    [_ga] => GA1.2.1531451795.1603795744
    [_gid] => GA1.2.1057752741.1603795744
    [_gac_UA-71715348-5] => 1.1603795744.Cj0KCQjwit_8BRCoARIsAIx3Rj6zXruQuGZUFUgKfOULHHELqh2uD3stTXAif_oPzJhQksOXhsU6NN8aAlHNEALw_wcB
    [_fbp] => fb.1.1603795755603.784495251
)

------------------------

------------------------
2020.10.27 10:51:58
webform result
Array
(
    [result] => 16931
    [time] => Array
        (
            [start] => 1603795918.0187
            [finish] => 1603795918.6132
            [duration] => 0.59452486038208
            [processing] => 0.50727391242981
            [date_start] => 2020-10-27T13:51:58+03:00
            [date_finish] => 2020-10-27T13:51:58+03:00
        )

)

------------------------

------------------------
2020.10.27 10:53:52
webform PHP
Array
(
    [name] => Ігор
    [telephone] => 0987000202
    [email] => reznicenkoigor202@gmail.com
    [_ga] => GA1.2.1531451795.1603795744
    [_gid] => GA1.2.1057752741.1603795744
    [_gac_UA-71715348-5] => 1.1603795744.Cj0KCQjwit_8BRCoARIsAIx3Rj6zXruQuGZUFUgKfOULHHELqh2uD3stTXAif_oPzJhQksOXhsU6NN8aAlHNEALw_wcB
    [_fbp] => fb.1.1603795755603.784495251
)

------------------------

------------------------
2020.10.27 10:53:53
webform result
Array
(
    [result] => 16933
    [time] => Array
        (
            [start] => 1603796032.6694
            [finish] => 1603796033.0826
            [duration] => 0.41317510604858
            [processing] => 0.37271499633789
            [date_start] => 2020-10-27T13:53:52+03:00
            [date_finish] => 2020-10-27T13:53:53+03:00
        )

)

------------------------

------------------------
2020.10.27 10:54:59
webform PHP
Array
(
    [name] => Ігор
    [telephone] => 0987000202
    [email] => reznicenkoigor202@gmail.com
    [_ga] => GA1.2.1531451795.1603795744
    [_gid] => GA1.2.1057752741.1603795744
    [_gac_UA-71715348-5] => 1.1603795744.Cj0KCQjwit_8BRCoARIsAIx3Rj6zXruQuGZUFUgKfOULHHELqh2uD3stTXAif_oPzJhQksOXhsU6NN8aAlHNEALw_wcB
    [_fbp] => fb.1.1603795755603.784495251
)

------------------------

------------------------
2020.10.27 10:54:59
webform result
Array
(
    [result] => 16935
    [time] => Array
        (
            [start] => 1603796099.6165
            [finish] => 1603796099.9037
            [duration] => 0.28715491294861
            [processing] => 0.2561309337616
            [date_start] => 2020-10-27T13:54:59+03:00
            [date_finish] => 2020-10-27T13:54:59+03:00
        )

)

------------------------

------------------------
2020.11.01 12:37:58
webform PHP
Array
(
    [name] => Василь
    [telephone] => 0976466543
    [email] => vasyachemnuyi@gmail
    [PHPSESSID] => e62cbbf78b5ce33b5b192111e8c09d47
    [VALUTE] => Y
    [_ga] => GA1.2.1651525587.1604233919
    [_gid] => GA1.2.1415980841.1604233919
    [_fbp] => fb.1.1604233921651.196162017
    [_gac_UA-71715348-5] => 1.1604234208.Cj0KCQjwufn8BRCwARIsAKzP695kyX755hKaZqLk6kujmtylPU2-4RV1DcZNzMM3nsAHrckmKHq3wMYaAkJqEALw_wcB
)

------------------------

------------------------
2020.11.01 12:37:58
webform result
Array
(
    [error] => 
    [error_description] => Поле "Робочий e-mail" містить некоректну адресу.<br />
)

------------------------

------------------------
2020.11.17 9:21:41
webform PHP
Array
(
    [name] => Cергей
    [telephone] => +380987080190
    [_ga] => GA1.2.1101758816.1605604873
    [_gid] => GA1.2.393659157.1605604873
    [_gac_UA-71715348-5] => 1.1605604873.EAIaIQobChMIk5nwkaCJ7QIVhADmCh3lIgw_EAAYASAEEgJMJfD_BwE
    [_gat_gtag_UA_71715348_5] => 1
    [_fbp] => fb.1.1605604875142.1985970668
)

------------------------

------------------------
2020.11.17 9:21:46
webform result
Array
(
    [result] => 17553
    [time] => Array
        (
            [start] => 1605604904.0367
            [finish] => 1605604906.0144
            [duration] => 1.9777679443359
            [processing] => 1.7469608783722
            [date_start] => 2020-11-17T12:21:44+03:00
            [date_finish] => 2020-11-17T12:21:46+03:00
        )

)

------------------------

------------------------
2020.11.19 19:46:08
webform PHP
Array
(
    [name] => Микола
    [telephone] => 380678480716
    [email] => 
    [_ga] => GA1.2.1731471960.1604825760
    [_fbp] => fb.1.1604825761121.1339162006
    [VALUTE] => Y
    [_gid] => GA1.2.793205812.1605815088
    [_gac_UA-71715348-5] => 1.1605815088.EAIaIQobChMI4PC7pq-P7QIVEE4YCh1cFgCQEAAYASAAEgJpCfD_BwE
)

------------------------

------------------------
2020.11.19 19:46:08
webform result
Array
(
    [result] => 17593
    [time] => Array
        (
            [start] => 1605815168.4202
            [finish] => 1605815168.8777
            [duration] => 0.45750403404236
            [processing] => 0.39977478981018
            [date_start] => 2020-11-19T22:46:08+03:00
            [date_finish] => 2020-11-19T22:46:08+03:00
        )

)

------------------------

------------------------
2020.11.19 19:46:42
webform PHP
Array
(
    [name] => Микола
    [email] => nikolai198308@gmail.com
    [telephone] => 380678480716
    [_ga] => GA1.2.1731471960.1604825760
    [_fbp] => fb.1.1604825761121.1339162006
    [VALUTE] => Y
    [_gid] => GA1.2.793205812.1605815088
    [_gac_UA-71715348-5] => 1.1605815088.EAIaIQobChMI4PC7pq-P7QIVEE4YCh1cFgCQEAAYASAAEgJpCfD_BwE
    [_gat_gtag_UA_71715348_5] => 1
)

------------------------

------------------------
2020.11.19 19:46:42
webform result
Array
(
    [result] => 17595
    [time] => Array
        (
            [start] => 1605815202.1558
            [finish] => 1605815202.3043
            [duration] => 0.14854192733765
            [processing] => 0.12306308746338
            [date_start] => 2020-11-19T22:46:42+03:00
            [date_finish] => 2020-11-19T22:46:42+03:00
        )

)

------------------------

------------------------
2020.11.19 19:47:29
webform PHP
Array
(
    [name] => Микола
    [telephone] => 380678480716
    [_ga] => GA1.2.1731471960.1604825760
    [_fbp] => fb.1.1604825761121.1339162006
    [VALUTE] => Y
    [_gid] => GA1.2.793205812.1605815088
    [_gac_UA-71715348-5] => 1.1605815088.EAIaIQobChMI4PC7pq-P7QIVEE4YCh1cFgCQEAAYASAAEgJpCfD_BwE
    [_gat_gtag_UA_71715348_5] => 1
)

------------------------

------------------------
2020.11.19 19:47:30
webform result
Array
(
    [result] => 17597
    [time] => Array
        (
            [start] => 1605815250.0538
            [finish] => 1605815250.1801
            [duration] => 0.12634897232056
            [processing] => 0.10548114776611
            [date_start] => 2020-11-19T22:47:30+03:00
            [date_finish] => 2020-11-19T22:47:30+03:00
        )

)

------------------------

------------------------
2020.11.19 19:48:01
webform PHP
Array
(
    [name] => Микола
    [telephone] => 380678480716
    [_ga] => GA1.2.1731471960.1604825760
    [_fbp] => fb.1.1604825761121.1339162006
    [VALUTE] => Y
    [_gid] => GA1.2.793205812.1605815088
    [_gac_UA-71715348-5] => 1.1605815088.EAIaIQobChMI4PC7pq-P7QIVEE4YCh1cFgCQEAAYASAAEgJpCfD_BwE
    [_gat_gtag_UA_71715348_5] => 1
)

------------------------

------------------------
2020.11.19 19:48:02
webform result
Array
(
    [result] => 17599
    [time] => Array
        (
            [start] => 1605815281.9606
            [finish] => 1605815282.1791
            [duration] => 0.21843099594116
            [processing] => 0.18797898292542
            [date_start] => 2020-11-19T22:48:01+03:00
            [date_finish] => 2020-11-19T22:48:02+03:00
        )

)

------------------------

------------------------
2021.01.20 21:04:02
webform PHP
Array
(
    [name] => Александр Шульга
    [email] => shulga.alg@gmail.com
    [telephone] => 050952606
    [_fbp] => fb.1.1610300551124.407601710
    [_ga_N687678LE1] => GS1.1.1610382401.4.0.1610382401.0
    [_ga] => GA1.2.1185486538.1610300551
    [BITRIX_SM_SALE_UID] => 76ddf398a55aa10c97eab67313704d9d
    [BITRIX_SM_LOGIN] => shulga
    [BITRIX_SM_SOUND_LOGIN_PLAYED] => Y
    [_gid] => GA1.2.274926233.1610796702
    [VALUTE] => Y
    [PHPSESSID] => 1f97a28dc30f7b239dbc4356173f89c1
    [_gat_gtag_UA_71715348_5] => 1
)

------------------------

------------------------
2021.01.20 21:04:03
webform result
Array
(
    [result] => 19017
    [time] => Array
        (
            [start] => 1611176642.5677
            [finish] => 1611176643.9328
            [duration] => 1.3650970458984
            [processing] => 1.3103358745575
            [date_start] => 2021-01-21T00:04:02+03:00
            [date_finish] => 2021-01-21T00:04:03+03:00
        )

)

------------------------
